=======================================================
ModelPilot | ALS Biomarker Classifier (SVM - RBF)
=======================================================
Input  : /app/input/als_data.csv
Output : /app/output/output.json

Loaded dataset: 150 samples, 32 columns
Features : 30
Classes  : {0: 70, 1: 80}

Running 3-Fold Stratified Cross Validation (SVM - RBF kernel)...

  Fold 1: accuracy=0.9800 | sensitivity=1.0000 | specificity=0.9565
  Fold 2: accuracy=1.0000 | sensitivity=1.0000 | specificity=1.0000
  Fold 3: accuracy=1.0000 | sensitivity=1.0000 | specificity=1.0000

Overall Classification Report:
              precision    recall  f1-score   support

           0       1.00      0.99      0.99        70
           1       0.99      1.00      0.99        80

    accuracy                           0.99       150
   macro avg       0.99      0.99      0.99       150
weighted avg       0.99      0.99      0.99       150

=======================================================
FINAL RESULTS
=======================================================
  accuracy            : 0.9933
  f1_score            : 0.9933
  sensitivity         : 1.0
  specificity         : 0.9855
  loss                : 0.0067

Output saved to /app/output/output.json
Pipeline complete.
